Start time: 2024-11-20 22:45:00.572334

frame_id: "map"
connected: True
armed: False
mode: "MANUAL"
x: -0.002255052560940385
y: -0.0005421998212113976
z: -0.009504133835434914
lat: nan
lon: nan
alt: nan
vx: -0.0043296413496136665
vy: -0.00023593120567966253
vz: -0.014155683107674122
roll: -0.02005496248602867
pitch: 0.02172750048339367
yaw: -0.0004942797240801156
roll_rate: 0.0014147262554615736
pitch_rate: -0.0012718448415398598
yaw_rate: -0.0003165851812809706
voltage: nan
cell_voltage: nan

frame_id: "map"
connected: True
armed: True
mode: "OFFBOARD"
x: -0.0008077564998529851
y: 0.00025121134240180254
z: -0.004672433715313673
lat: nan
lon: nan
alt: nan
vx: -0.000602932064794004
vy: -0.00012243834498804063
vz: -0.0050125448033213615
roll: -0.019223012030124664
pitch: 0.021550236269831657
yaw: -0.0006392309442162514
roll_rate: 0.0024728989228606224
pitch_rate: 0.00013812445104122162
yaw_rate: -0.0002894531062338501
voltage: 16.200000762939453
cell_voltage: 16.200000762939453

frame_id: "map"
connected: True
armed: True
mode: "OFFBOARD"
x: -0.0006876944098621607
y: 0.00022231768525671214
z: 0.0012592228595167398
lat: nan
lon: nan
alt: nan
vx: -0.003173274453729391
vy: 0.00019081798382103443
vz: 0.0025682549457997084
roll: -0.018657544627785683
pitch: 0.02136945351958275
yaw: -0.0005822043749503791
roll_rate: 0.0017788793193176389
pitch_rate: 0.00021875742822885513
yaw_rate: -0.0029587752651423216
voltage: 16.15999984741211
cell_voltage: 16.15999984741211

frame_id: "map"
connected: True
armed: True
mode: "OFFBOARD"
x: -0.0005481319385580719
y: -0.00347161665558815
z: 0.0019354706164449453
lat: nan
lon: nan
alt: nan
vx: -0.0011496224906295538
vy: -0.008139821700751781
vz: 0.003739719046279788
roll: -0.018450355157256126
pitch: 0.020353857427835464
yaw: -3.0219965992728248e-05
roll_rate: -0.002268685959279537
pitch_rate: -0.01187741570174694
yaw_rate: 0.0027292727027088404
voltage: 16.15999984741211
cell_voltage: 16.15999984741211

frame_id: "map"
connected: True
armed: True
mode: "OFFBOARD"
x: -0.09656169265508652
y: -0.07566744089126587
z: 0.140335351228714
lat: nan
lon: nan
alt: nan
vx: -0.13504330813884735
vy: -0.11564286798238754
vz: 0.25548142194747925
roll: -0.028276672586798668
pitch: 0.030139314010739326
yaw: 0.003401829395443201
roll_rate: -0.005870695225894451
pitch_rate: 0.05083885043859482
yaw_rate: -0.002178753726184368
voltage: 16.091001510620117
cell_voltage: 16.091001510620117

frame_id: "map"
connected: True
armed: True
mode: "OFFBOARD"
x: -0.13935555517673492
y: -0.09632597118616104
z: 0.42004960775375366
lat: nan
lon: nan
alt: nan
vx: 0.06506097316741943
vy: 0.03223957121372223
vz: 0.2417491376399994
roll: -0.023560794070363045
pitch: 0.03319758549332619
yaw: 0.0035176353994756937
roll_rate: 0.02698286809027195
pitch_rate: -0.07798337936401367
yaw_rate: -0.00726883951574564
voltage: 16.091001510620117
cell_voltage: 16.091001510620117

frame_id: "map"
connected: True
armed: True
mode: "OFFBOARD"
x: 0.0026044014375656843
y: -0.041528038680553436
z: 0.6522616744041443
lat: nan
lon: nan
alt: nan
vx: 0.05103267729282379
vy: 0.03510191664099693
vz: 0.13652177155017853
roll: -0.01518160104751587
pitch: 0.01150699332356453
yaw: 0.00028075563022866845
roll_rate: -0.019290393218398094
pitch_rate: 0.051250144839286804
yaw_rate: 0.0005529883783310652
voltage: 16.018001556396484
cell_voltage: 16.018001556396484

frame_id: "map"
connected: True
armed: True
mode: "OFFBOARD"
x: 0.08972858637571335
y: -0.04123666509985924
z: 0.8164259791374207
lat: nan
lon: nan
alt: nan
vx: 0.23379601538181305
vy: 0.020414937287569046
vz: 0.07372289896011353
roll: -0.021050039678812027
pitch: 0.06589663773775101
yaw: 0.0005229805829003453
roll_rate: 0.005481297615915537
pitch_rate: 0.01502568181604147
yaw_rate: -0.0016868626698851585
voltage: 15.974000930786133
cell_voltage: nan

frame_id: "map"
connected: True
armed: True
mode: "OFFBOARD"
x: 0.480636864900589
y: -0.038935545831918716
z: 1.0927789211273193
lat: nan
lon: nan
alt: nan
vx: 0.46658194065093994
vy: -0.004171300679445267
vz: 0.4884788393974304
roll: -0.017457589507102966
pitch: 0.04646642506122589
yaw: 0.0011348460102453828
roll_rate: -0.04369373992085457
pitch_rate: -0.031149523332715034
yaw_rate: -0.0038793247658759356
voltage: 15.945000648498535
cell_voltage: 15.945000648498535

frame_id: "map"
connected: True
armed: True
mode: "OFFBOARD"
x: 0.5620937943458557
y: -0.13585267961025238
z: 2.3293213844299316
lat: nan
lon: nan
alt: nan
vx: -0.057562004774808884
vy: -0.10275131464004517
vz: 2.1199405193328857
roll: -0.0032549966126680374
pitch: 0.006113117095082998
yaw: -0.02437884546816349
roll_rate: -0.00014499900862574577
pitch_rate: -0.0013472535647451878
yaw_rate: 0.0015038190176710486
voltage: 15.9010009765625
cell_voltage: nan

frame_id: "map"
connected: True
armed: True
mode: "OFFBOARD"
x: 0.9794676899909973
y: -0.29296520352363586
z: 0.4419366717338562
lat: nan
lon: nan
alt: nan
vx: 0.5638514161109924
vy: 0.26423248648643494
vz: 0.5056664347648621
roll: -0.06603271514177322
pitch: -0.05493896082043648
yaw: -0.11532466858625412
roll_rate: 0.22910076379776
pitch_rate: 0.18734318017959595
yaw_rate: 0.4257432222366333
voltage: 15.872000694274902
cell_voltage: 15.872000694274902

frame_id: "map"
connected: True
armed: True
mode: "OFFBOARD"
x: 1.5003622770309448
y: 0.05787068232893944
z: 1.02802574634552
lat: nan
lon: nan
alt: nan
vx: 0.1196388527750969
vy: 0.26669278740882874
vz: -0.11802759021520615
roll: 0.029328102245926857
pitch: -0.02781985141336918
yaw: 0.029404379427433014
roll_rate: 0.04909507557749748
pitch_rate: -0.06424063444137573
yaw_rate: -0.11671963334083557
voltage: 15.872000694274902
cell_voltage: 15.872000694274902

frame_id: "map"
connected: True
armed: True
mode: "OFFBOARD"
x: 1.5531103610992432
y: 0.20242582261562347
z: 1.105677843093872
lat: nan
lon: nan
alt: nan
vx: -0.2170180380344391
vy: 0.13918285071849823
vz: -0.26125046610832214
roll: -0.03773163631558418
pitch: -0.027671610936522484
yaw: -0.009388022124767303
roll_rate: -0.09030159562826157
pitch_rate: -0.04728921130299568
yaw_rate: 0.03241823986172676
voltage: 15.79800033569336
cell_voltage: 15.79800033569336

frame_id: "map"
connected: True
armed: True
mode: "OFFBOARD"
x: 1.5325498580932617
y: 0.014497068710625172
z: 0.9133839011192322
lat: nan
lon: nan
alt: nan
vx: -0.4131540358066559
vy: 0.4501773416996002
vz: 0.014166724868118763
roll: -0.11573139578104019
pitch: -0.03575596958398819
yaw: -0.006490376312285662
roll_rate: 0.0034470404498279095
pitch_rate: 0.04119158536195755
yaw_rate: 0.03636324778199196
voltage: 15.79800033569336
cell_voltage: 15.79800033569336

frame_id: "map"
connected: True
armed: True
mode: "OFFBOARD"
x: 1.1802115440368652
y: 0.567279577255249
z: 0.7740923166275024
lat: nan
lon: nan
alt: nan
vx: -0.4402613341808319
vy: 0.6083213090896606
vz: 0.1895117163658142
roll: -0.015707900747656822
pitch: 0.021094951778650284
yaw: -0.0016848001396283507
roll_rate: 0.05545516312122345
pitch_rate: 0.0938066765666008
yaw_rate: 0.007030895911157131
voltage: 15.725000381469727
cell_voltage: 15.725000381469727

frame_id: "map"
connected: True
armed: True
mode: "OFFBOARD"
x: 0.847605288028717
y: 0.9986609220504761
z: 0.7722368240356445
lat: nan
lon: nan
alt: nan
vx: -0.09691200405359268
vy: 0.2070620208978653
vz: 0.21814154088497162
roll: 0.0044764927588403225
pitch: 0.038442667573690414
yaw: -0.0012106717331334949
roll_rate: -0.011392679996788502
pitch_rate: -0.015217268839478493
yaw_rate: 0.010499538853764534
voltage: 15.725000381469727
cell_voltage: 15.725000381469727

frame_id: "map"
connected: True
armed: True
mode: "OFFBOARD"
x: 0.7532219886779785
y: 1.1496073007583618
z: 0.8457607626914978
lat: nan
lon: nan
alt: nan
vx: 0.03758348524570465
vy: -0.009915823116898537
vz: 0.1545855700969696
roll: 0.002922701183706522
pitch: 0.011019107885658741
yaw: 0.0025255221407860518
roll_rate: -0.01692531816661358
pitch_rate: -0.0750584751367569
yaw_rate: -0.00749470479786396
voltage: 15.652000427246094
cell_voltage: 15.652000427246094

frame_id: "map"
connected: True
armed: True
mode: "OFFBOARD"
x: 0.6615671515464783
y: 1.0924947261810303
z: 0.9207647442817688
lat: nan
lon: nan
alt: nan
vx: -0.22663277387619019
vy: -0.09342335909605026
vz: 0.08335040509700775
roll: -0.016482895240187645
pitch: -0.02386319264769554
yaw: 0.0006261102971620858
roll_rate: -0.011323188431560993
pitch_rate: 0.004172343760728836
yaw_rate: -0.00315067358314991
voltage: 15.652000427246094
cell_voltage: 15.652000427246094

frame_id: "map"
connected: True
armed: True
mode: "OFFBOARD"
x: 0.29191556572914124
y: 1.0031054019927979
z: 0.9730494022369385
lat: nan
lon: nan
alt: nan
vx: -0.41572076082229614
vy: -0.04322284087538719
vz: 0.030988765880465508
roll: -0.022736599668860435
pitch: 0.014548780396580696
yaw: -7.995055057108402e-05
roll_rate: -0.008512215688824654
pitch_rate: 0.050546735525131226
yaw_rate: 0.0002732863649725914
voltage: 15.578001022338867
cell_voltage: 15.578001022338867

frame_id: "map"
connected: True
armed: True
mode: "OFFBOARD"
x: -0.026578541845083237
y: 0.9825435280799866
z: 1.006722092628479
lat: nan
lon: nan
alt: nan
vx: -0.18044152855873108
vy: 0.005473105702549219
vz: -0.0004599090025294572
roll: -0.021938107907772064
pitch: 0.03730146959424019
yaw: -0.0041715907864272594
roll_rate: 0.005957757122814655
pitch_rate: 0.008575858548283577
yaw_rate: 0.008715678006410599
voltage: 15.578001022338867
cell_voltage: 15.578001022338867

frame_id: "map"
connected: True
armed: True
mode: "OFFBOARD"
x: -0.16873684525489807
y: 1.0443387031555176
z: 1.0150359869003296
lat: nan
lon: nan
alt: nan
vx: 0.03666021302342415
vy: -0.014681593514978886
vz: -0.016049906611442566
roll: -0.01324221771210432
pitch: 0.036684390157461166
yaw: 0.001306407037191093
roll_rate: -0.026714777573943138
pitch_rate: -0.028164919465780258
yaw_rate: -0.003100223373621702
voltage: 15.505001068115234
cell_voltage: 15.505001068115234

frame_id: "map"
connected: True
armed: True
mode: "OFFBOARD"
x: -0.09452730417251587
y: 1.0293123722076416
z: 1.0164417028427124
lat: nan
lon: nan
alt: nan
vx: 0.09002604335546494
vy: -0.09006877988576889
vz: -0.01646973192691803
roll: 0.01597639173269272
pitch: 0.018654949963092804
yaw: -0.0009674686007201672
roll_rate: 0.06216754764318466
pitch_rate: -0.03224010765552521
yaw_rate: -0.0003944840282201767
voltage: 15.505001068115234
cell_voltage: 15.505001068115234

frame_id: "map"
connected: True
armed: True
mode: "OFFBOARD"
x: -0.013186343014240265
y: 0.7738136649131775
z: 1.010501742362976
lat: nan
lon: nan
alt: nan
vx: 0.04094785451889038
vy: -0.4324691891670227
vz: -0.013614896684885025
roll: 0.022534970194101334
pitch: 0.012575054541230202
yaw: 0.0004891231073997915
roll_rate: -0.025895848870277405
pitch_rate: -0.0061124213971197605
yaw_rate: 0.0004269422497600317
voltage: 15.432001113891602
cell_voltage: 15.432001113891602

frame_id: "map"
connected: True
armed: True
mode: "OFFBOARD"
x: 0.004517151974141598
y: 0.2688867449760437
z: 1.0168137550354004
lat: nan
lon: nan
alt: nan
vx: -0.020521167665719986
vy: -0.47362378239631653
vz: -0.014811886474490166
roll: -0.03334438055753708
pitch: 0.014089561067521572
yaw: 0.0031292231287807226
roll_rate: -0.04612020403146744
pitch_rate: 0.03461070358753204
yaw_rate: -0.005261796992272139
voltage: 15.432001113891602
cell_voltage: 15.432001113891602

frame_id: "map"
connected: True
armed: True
mode: "OFFBOARD"
x: -0.0035811981651932
y: -0.08667837828397751
z: 1.025209903717041
lat: nan
lon: nan
alt: nan
vx: -0.004553190432488918
vy: -0.11366766691207886
vz: -0.02399429678916931
roll: -0.05296159163117409
pitch: 0.01794566959142685
yaw: 0.0008306480012834072
roll_rate: 0.046775270253419876
pitch_rate: -0.00276221614331007
yaw_rate: -0.00038356322329491377
voltage: 15.358000755310059
cell_voltage: 15.358000755310059

frame_id: "map"
connected: True
armed: True
mode: "OFFBOARD"
x: -0.02626812271773815
y: -0.037091050297021866
z: 1.0245795249938965
lat: nan
lon: nan
alt: nan
vx: -0.009724021889269352
vy: 0.036832232028245926
vz: -0.023901695385575294
roll: -0.0193242859095335
pitch: 0.02253786101937294
yaw: 0.0008019457454793155
roll_rate: 0.010206229984760284
pitch_rate: -0.0004982310347259045
yaw_rate: -0.002856974024325609
voltage: 15.358000755310059
cell_voltage: 15.358000755310059

frame_id: "map"
connected: True
armed: True
mode: "OFFBOARD"
x: -0.039513085037469864
y: 0.0857120007276535
z: 0.674846887588501
lat: nan
lon: nan
alt: nan
vx: 0.02232755348086357
vy: 0.04706539586186409
vz: -0.5849435925483704
roll: -0.005057811737060547
pitch: 0.02451174333691597
yaw: 0.005079314578324556
roll_rate: 0.11824887990951538
pitch_rate: -0.05879457667469978
yaw_rate: -0.007676650304347277
voltage: 15.285000801086426
cell_voltage: 15.285000801086426

frame_id: "map"
connected: True
armed: True
mode: "AUTO.LAND"
x: 0.059806015342473984
y: 0.10152151435613632
z: 0.3868132531642914
lat: nan
lon: nan
alt: nan
vx: -0.07966108620166779
vy: -0.146409809589386
vz: -0.3043919801712036
roll: -0.011221415363252163
pitch: 0.008988725952804089
yaw: 0.0022547694388777018
roll_rate: -0.046578437089920044
pitch_rate: 0.031950417906045914
yaw_rate: -0.0021403844002634287
voltage: 15.285000801086426
cell_voltage: 15.285000801086426

frame_id: "map"
connected: True
armed: True
mode: "AUTO.LAND"
x: -0.07643760740756989
y: -0.1050432026386261
z: 0.09668515622615814
lat: nan
lon: nan
alt: nan
vx: -0.08756115287542343
vy: -0.053743209689855576
vz: -0.301445871591568
roll: -0.04027741402387619
pitch: 0.034763991832733154
yaw: 0.002486748853698373
roll_rate: 0.022068005055189133
pitch_rate: 0.022291414439678192
yaw_rate: -0.0004756938433274627
voltage: 15.212000846862793
cell_voltage: 15.212000846862793

frame_id: "map"
connected: True
armed: True
mode: "AUTO.LAND"
x: -0.17312869429588318
y: -0.09977796673774719
z: 0.10341066122055054
lat: nan
lon: nan
alt: nan
vx: -0.11336301267147064
vy: 0.015610058791935444
vz: 0.058701291680336
roll: -0.018632709980010986
pitch: 0.014863402582705021
yaw: 0.003299812786281109
roll_rate: 0.0001274504465982318
pitch_rate: 0.0006834785453975201
yaw_rate: -0.0008371273288503289
voltage: 15.13800048828125
cell_voltage: 15.13800048828125

