Start time: 2024-11-20 22:52:00.099192

frame_id: "map"
connected: True
armed: False
mode: "OFFBOARD"
x: -0.0018712199525907636
y: 1.720954242045991e-05
z: -0.007950209081172943
lat: nan
lon: nan
alt: nan
vx: -0.003750974079594016
vy: 0.002336808480322361
vz: -0.012466667219996452
roll: -0.019615260884165764
pitch: 0.021850943565368652
yaw: -0.0007052352302707732
roll_rate: 0.0009469712385907769
pitch_rate: -0.004198033362627029
yaw_rate: -0.0012912346282973886
voltage: 16.200000762939453
cell_voltage: 16.200000762939453

frame_id: "map"
connected: True
armed: True
mode: "OFFBOARD"
x: -0.0005225128843449056
y: 0.00023477472132071853
z: -0.002051782561466098
lat: nan
lon: nan
alt: nan
vx: -1.0754120921774302e-05
vy: 0.0006930999807082117
vz: -0.0009272092138417065
roll: -0.018958520144224167
pitch: 0.021518968045711517
yaw: -0.00048790950677357614
roll_rate: -0.0013847401132807136
pitch_rate: 0.0008400226943194866
yaw_rate: -0.00018343418196309358
voltage: 16.200000762939453
cell_voltage: 16.200000762939453

frame_id: "map"
connected: True
armed: True
mode: "OFFBOARD"
x: -0.0009446142357774079
y: -9.559225873090327e-05
z: 0.002841352019459009
lat: nan
lon: nan
alt: nan
vx: -0.0026565748266875744
vy: -0.002465882571414113
vz: 0.002304753987118602
roll: -0.018002869561314583
pitch: 0.021452438086271286
yaw: -0.0005127883632667363
roll_rate: 0.0010295233223587275
pitch_rate: 0.00016820477321743965
yaw_rate: 0.00020304710778873414
voltage: 16.19900131225586
cell_voltage: 16.19900131225586

frame_id: "map"
connected: True
armed: True
mode: "OFFBOARD"
x: -0.0011143601732328534
y: -0.0004165929276496172
z: 0.004545070696622133
lat: nan
lon: nan
alt: nan
vx: -0.005669314879924059
vy: -0.004505133256316185
vz: 0.01750432327389717
roll: -0.018161950632929802
pitch: 0.014393107034265995
yaw: -1.7158072296297178e-05
roll_rate: 0.0024044301826506853
pitch_rate: -0.08093486726284027
yaw_rate: -0.0007303623133338988
voltage: 16.19900131225586
cell_voltage: 16.19900131225586

frame_id: "map"
connected: True
armed: True
mode: "OFFBOARD"
x: -0.1121249571442604
y: -0.08272787928581238
z: 0.12946613132953644
lat: nan
lon: nan
alt: nan
vx: -0.11077066510915756
vy: -0.10779695957899094
vz: 0.281217485666275
roll: -0.02701735310256481
pitch: 0.03441951796412468
yaw: -0.001535358838737011
roll_rate: -0.012971133925020695
pitch_rate: 0.02002623677253723
yaw_rate: 0.00730681698769331
voltage: nan
cell_voltage: nan

frame_id: "map"
connected: True
armed: True
mode: "OFFBOARD"
x: -0.11282555013895035
y: -0.09761148691177368
z: 0.3942244052886963
lat: nan
lon: nan
alt: nan
vx: 0.04616532847285271
vy: 0.024815218523144722
vz: 0.2770076394081116
roll: -0.024926822632551193
pitch: 0.027601437643170357
yaw: -0.00023368820257019252
roll_rate: 0.010721324011683464
pitch_rate: -0.014516184106469154
yaw_rate: -0.0019414458656683564
voltage: nan
cell_voltage: nan

frame_id: "map"
connected: True
armed: True
mode: "OFFBOARD"
x: -0.03264070302248001
y: -0.028968127444386482
z: 0.626098096370697
lat: nan
lon: nan
alt: nan
vx: 0.04080801084637642
vy: 0.027818741276860237
vz: 0.16903096437454224
roll: -0.01677047461271286
pitch: 0.02216344140470028
yaw: -0.0003909662482328713
roll_rate: -0.015618842095136642
pitch_rate: 0.06991205364465714
yaw_rate: 0.004376573488116264
voltage: nan
cell_voltage: nan

frame_id: "map"
connected: True
armed: True
mode: "OFFBOARD"
x: 0.07778407633304596
y: -0.021061992272734642
z: 0.8144876956939697
lat: nan
lon: nan
alt: nan
vx: 0.2774296998977661
vy: 0.012279932387173176
vz: 0.08354887366294861
roll: -0.01895735040307045
pitch: 0.0670277550816536
yaw: 0.0006905843038111925
roll_rate: 0.0007232596981339157
pitch_rate: 0.0067933183163404465
yaw_rate: -0.00011698412708938122
voltage: nan
cell_voltage: nan

frame_id: "map"
connected: True
armed: True
mode: "OFFBOARD"
x: 0.5215724110603333
y: -0.016172675415873528
z: 1.0623936653137207
lat: nan
lon: nan
alt: nan
vx: 0.5326675176620483
vy: 0.009178271517157555
vz: -0.21520639955997467
roll: -0.019573645666241646
pitch: 0.04149205982685089
yaw: 0.000338881800416857
roll_rate: 0.002564621390774846
pitch_rate: -0.11533128470182419
yaw_rate: -0.0024307994171977043
voltage: nan
cell_voltage: nan

frame_id: "map"
connected: True
armed: True
mode: "OFFBOARD"
x: 0.9912000894546509
y: -0.0016623993869870901
z: 0.970232367515564
lat: nan
lon: nan
alt: nan
vx: 0.30834633111953735
vy: 0.017511343583464622
vz: -0.023137042298913002
roll: -0.016375308856368065
pitch: -0.011684663593769073
yaw: 0.00023516369401477277
roll_rate: -0.006820967420935631
pitch_rate: -0.03552667424082756
yaw_rate: -0.00554775120690465
voltage: nan
cell_voltage: nan

frame_id: "map"
connected: True
armed: True
mode: "OFFBOARD"
x: 1.1441538333892822
y: -0.00033246062230318785
z: 0.9745035171508789
lat: nan
lon: nan
alt: nan
vx: -0.0029176499228924513
vy: -0.0064965770579874516
vz: -0.003416400868445635
roll: -0.01765894517302513
pitch: -0.004030950833112001
yaw: -0.0019054225413128734
roll_rate: -0.026122117415070534
pitch_rate: 0.01698293350636959
yaw_rate: -0.003850746201351285
voltage: nan
cell_voltage: nan

frame_id: "map"
connected: True
armed: True
mode: "OFFBOARD"
x: 1.079216718673706
y: 0.0068481662310659885
z: 0.9864135980606079
lat: nan
lon: nan
alt: nan
vx: -0.06200733035802841
vy: 0.022156311199069023
vz: -0.00020937281078658998
roll: -0.03040614165365696
pitch: 0.016341490671038628
yaw: -0.0016113026067614555
roll_rate: -0.07084816694259644
pitch_rate: 0.014029746875166893
yaw_rate: 0.00610942579805851
voltage: nan
cell_voltage: nan

frame_id: "map"
connected: True
armed: True
mode: "OFFBOARD"
x: 1.0363200902938843
y: 0.1569645255804062
z: 1.002326488494873
lat: nan
lon: nan
alt: nan
vx: -0.023151101544499397
vy: 0.2841438949108124
vz: -0.008629882708191872
roll: -0.05881720408797264
pitch: 0.01853901892900467
yaw: -0.00014214740076567978
roll_rate: -0.004142120946198702
pitch_rate: -0.015895752236247063
yaw_rate: 0.0036436314694583416
voltage: nan
cell_voltage: nan

frame_id: "map"
connected: True
armed: True
mode: "OFFBOARD"
x: 0.9998675584793091
y: 0.5836608409881592
z: 1.0092886686325073
lat: nan
lon: nan
alt: nan
vx: -0.015494925901293755
vy: 0.4935849905014038
vz: -0.017727307975292206
roll: -0.027387117967009544
pitch: 0.022391587495803833
yaw: -0.00013517538900487125
roll_rate: 0.10499541461467743
pitch_rate: -0.0051513491198420525
yaw_rate: 0.0013601472601294518
voltage: nan
cell_voltage: nan

frame_id: "map"
connected: True
armed: True
mode: "OFFBOARD"
x: 0.9917442202568054
y: 1.046434998512268
z: 1.0100059509277344
lat: nan
lon: nan
alt: nan
vx: 0.009387919679284096
vy: 0.26215535402297974
vz: -0.016268497332930565
roll: 0.01927393116056919
pitch: 0.021806765347719193
yaw: 0.0023298885207623243
roll_rate: 0.040999218821525574
pitch_rate: -0.008020956069231033
yaw_rate: 7.585156708955765e-06
voltage: nan
cell_voltage: nan

frame_id: "map"
connected: True
armed: True
mode: "OFFBOARD"
x: 0.9695180058479309
y: 1.18930184841156
z: 1.0021270513534546
lat: nan
lon: nan
alt: nan
vx: 0.014372196979820728
vy: -0.06270840018987656
vz: -0.005645654629915953
roll: 0.007380925118923187
pitch: 0.02310485951602459
yaw: 0.0027005886659026146
roll_rate: -0.030156981199979782
pitch_rate: 0.008682085201144218
yaw_rate: -0.009463068097829819
voltage: nan
cell_voltage: nan

frame_id: "map"
connected: True
armed: True
mode: "OFFBOARD"
x: 1.0087058544158936
y: 1.0388262271881104
z: 1.002061367034912
lat: nan
lon: nan
alt: nan
vx: 0.019240139052271843
vy: -0.1346684694290161
vz: 0.0003213656891603023
roll: -0.025141794234514236
pitch: -0.01235976628959179
yaw: -0.004996203351765871
roll_rate: -0.016777774319052696
pitch_rate: -0.14118076860904694
yaw_rate: 0.016264118254184723
voltage: nan
cell_voltage: nan

frame_id: "map"
connected: True
armed: True
mode: "OFFBOARD"
x: 0.8483354449272156
y: 0.9184600710868835
z: 1.004365086555481
lat: nan
lon: nan
alt: nan
vx: -0.3897928297519684
vy: -0.02976037748157978
vz: -0.006383626721799374
roll: -0.033390067517757416
pitch: -0.0238649882376194
yaw: -0.003181466832756996
roll_rate: -0.04492827504873276
pitch_rate: 0.014304381795227528
yaw_rate: 0.008875615894794464
voltage: nan
cell_voltage: nan

frame_id: "map"
connected: True
armed: True
mode: "OFFBOARD"
x: 0.3127777874469757
y: 0.9039562344551086
z: 1.0123507976531982
lat: nan
lon: nan
alt: nan
vx: -0.49468550086021423
vy: 0.06419098377227783
vz: -0.012481864541769028
roll: -0.025552216917276382
pitch: 0.028679801151156425
yaw: 0.0006228378624655306
roll_rate: 0.021762296557426453
pitch_rate: 0.0612289160490036
yaw_rate: -0.006841939873993397
voltage: nan
cell_voltage: nan

frame_id: "map"
connected: True
armed: True
mode: "OFFBOARD"
x: -0.05358630418777466
y: 0.9993624091148376
z: 1.0131388902664185
lat: nan
lon: nan
alt: nan
vx: -0.18556217849254608
vy: 0.06222433224320412
vz: -0.011276884004473686
roll: -0.010080286301672459
pitch: 0.04925348237156868
yaw: 0.0016851346008479595
roll_rate: 0.003523583058267832
pitch_rate: 0.01890430971980095
yaw_rate: -0.0015316384378820658
voltage: nan
cell_voltage: nan

frame_id: "map"
connected: True
armed: True
mode: "OFFBOARD"
x: -0.11237242072820663
y: 1.0620505809783936
z: 1.0116827487945557
lat: nan
lon: nan
alt: nan
vx: 0.05410139262676239
vy: -0.007547164335846901
vz: -0.010970678180456161
roll: -0.00789987575262785
pitch: 0.03183276206254959
yaw: 0.002490535145625472
roll_rate: -0.013272523880004883
pitch_rate: -0.01843288168311119
yaw_rate: -0.005858153570443392
voltage: nan
cell_voltage: nan

frame_id: "map"
connected: True
armed: True
mode: "OFFBOARD"
x: 0.01708749122917652
y: 1.0340758562088013
z: 1.0122675895690918
lat: nan
lon: nan
alt: nan
vx: 0.07780768722295761
vy: -0.1251605749130249
vz: -0.013704212382435799
roll: 0.02099395915865898
pitch: 0.006568794138729572
yaw: 0.0009327836451120675
roll_rate: 0.02827731892466545
pitch_rate: -0.016499841585755348
yaw_rate: -0.005400350317358971
voltage: nan
cell_voltage: nan

frame_id: "map"
connected: True
armed: True
mode: "OFFBOARD"
x: 0.04484961926937103
y: 0.7495687007904053
z: 1.0082311630249023
lat: nan
lon: nan
alt: nan
vx: -0.040557872503995895
vy: -0.41670745611190796
vz: -0.01110766176134348
roll: 0.022092754021286964
pitch: 0.014507298357784748
yaw: 0.00015332827751990408
roll_rate: 0.0063254497945308685
pitch_rate: 0.029322469606995583
yaw_rate: 0.0020987684838473797
voltage: nan
cell_voltage: nan

frame_id: "map"
connected: True
armed: True
mode: "OFFBOARD"
x: 0.0033942502923309803
y: 0.26667046546936035
z: 1.0141820907592773
lat: nan
lon: nan
alt: nan
vx: -0.02678930014371872
vy: -0.46382850408554077
vz: -0.010058424435555935
roll: -0.029057445004582405
pitch: 0.019643576815724373
yaw: 0.0020609344355762005
roll_rate: -0.07230101525783539
pitch_rate: 0.018916819244623184
yaw_rate: -0.006443295627832413
voltage: nan
cell_voltage: nan

frame_id: "map"
connected: True
armed: True
mode: "OFFBOARD"
x: -0.020257478579878807
y: -0.08435477316379547
z: 1.0250319242477417
lat: nan
lon: nan
alt: nan
vx: -0.0014881843235343695
vy: -0.13999857008457184
vz: -0.02237646095454693
roll: -0.0479365773499012
pitch: 0.02194572426378727
yaw: 0.0008586164913140237
roll_rate: 0.019661029800772667
pitch_rate: -0.004453690722584724
yaw_rate: -0.0037126874085515738
voltage: nan
cell_voltage: nan

frame_id: "map"
connected: True
armed: True
mode: "OFFBOARD"
x: -0.009158464148640633
y: -0.09861818701028824
z: 1.02445387840271
lat: nan
lon: nan
alt: nan
vx: 0.007182655856013298
vy: 0.06696521490812302
vz: -0.025057030841708183
roll: -0.0225398987531662
pitch: 0.01834874413907528
yaw: 0.0007073414162732661
roll_rate: 0.014709096401929855
pitch_rate: 0.004343305714428425
yaw_rate: -0.00016530649736523628
voltage: nan
cell_voltage: nan

frame_id: "map"
connected: True
armed: True
mode: "OFFBOARD"
x: -0.00921853817999363
y: -0.06252758204936981
z: 0.7011953592300415
lat: nan
lon: nan
alt: nan
vx: -0.006631670985370874
vy: -0.03608022630214691
vz: -0.49888548254966736
roll: -0.008976824581623077
pitch: 0.02018922008574009
yaw: 0.00209758710116148
roll_rate: -0.048111751675605774
pitch_rate: -0.012651503086090088
yaw_rate: -0.002446027472615242
voltage: nan
cell_voltage: nan

frame_id: "map"
connected: True
armed: True
mode: "AUTO.LAND"
x: 0.008458809927105904
y: -0.08163926750421524
z: 0.4137937128543854
lat: nan
lon: nan
alt: nan
vx: -0.023063108325004578
vy: 0.00700235553085804
vz: -0.3159659206867218
roll: -0.018412087112665176
pitch: 0.018028955906629562
yaw: 0.0015077863354235888
roll_rate: -0.0018982136389240623
pitch_rate: 0.041339557617902756
yaw_rate: -0.0005201402818784118
voltage: nan
cell_voltage: nan

frame_id: "map"
connected: True
armed: True
mode: "AUTO.LAND"
x: -0.010437245480716228
y: -0.12317675352096558
z: 0.10222533345222473
lat: nan
lon: nan
alt: nan
vx: -0.05726970359683037
vy: 0.06927928328514099
vz: -0.3134841322898865
roll: -0.0075494940392673016
pitch: 0.02764061652123928
yaw: -0.0004738745337817818
roll_rate: 0.13081592321395874
pitch_rate: 0.056121598929166794
yaw_rate: 0.004868770483881235
voltage: nan
cell_voltage: nan

frame_id: "map"
connected: True
armed: True
mode: "AUTO.LAND"
x: -0.15841664373874664
y: -0.09742769598960876
z: 0.1011183112859726
lat: nan
lon: nan
alt: nan
vx: -0.17964108288288116
vy: 0.007256555836647749
vz: 0.061385881155729294
roll: -0.016821710392832756
pitch: 0.01430779229849577
yaw: 0.008462154306471348
roll_rate: 0.001879179384559393
pitch_rate: -0.002356078941375017
yaw_rate: -0.002649053931236267
voltage: nan
cell_voltage: nan

