Start time: 2024-11-20 22:48:01.277127

frame_id: "map"
connected: True
armed: False
mode: "OFFBOARD"
x: -0.1486494541168213
y: -0.09390561282634735
z: 0.0878797397017479
lat: nan
lon: nan
alt: nan
vx: 0.0066888174042105675
vy: -0.0024393065832555294
vz: -0.027879303321242332
roll: -0.018101120367646217
pitch: 0.01592075452208519
yaw: 0.00414105923846364
roll_rate: 0.0018107531359419227
pitch_rate: 0.0006174221634864807
yaw_rate: 0.0019626368302851915
voltage: 15.105000495910645
cell_voltage: 15.105000495910645

frame_id: "map"
connected: True
armed: True
mode: "OFFBOARD"
x: -0.15396782755851746
y: -0.09467227011919022
z: 0.07622473686933517
lat: nan
lon: nan
alt: nan
vx: -0.0006886893534101546
vy: -0.000668909284286201
vz: -0.042474813759326935
roll: -0.018072454258799553
pitch: 0.015128823928534985
yaw: 0.00526256812736392
roll_rate: -0.000956749077886343
pitch_rate: -0.0008714734576642513
yaw_rate: 0.00033047859324142337
voltage: 16.03700065612793
cell_voltage: 16.03700065612793

frame_id: "map"
connected: True
armed: True
mode: "OFFBOARD"
x: -0.15820631384849548
y: -0.09668894857168198
z: 0.07050598412752151
lat: nan
lon: nan
alt: nan
vx: -0.003567212028428912
vy: -0.005635218694806099
vz: -0.046342071145772934
roll: -0.01743604987859726
pitch: 0.014855544082820415
yaw: 0.006155911833047867
roll_rate: -0.0014563238946720958
pitch_rate: 0.0002435748465359211
yaw_rate: 0.0013147079152986407
voltage: 16.03700065612793
cell_voltage: 16.03700065612793

frame_id: "map"
connected: True
armed: True
mode: "OFFBOARD"
x: -0.1623489111661911
y: -0.11044495552778244
z: 0.08867821097373962
lat: nan
lon: nan
alt: nan
vx: 0.04652237519621849
vy: -0.014266835525631905
vz: 0.05181652680039406
roll: -0.021955324336886406
pitch: 0.041962891817092896
yaw: 0.00040709058521315455
roll_rate: -0.025347955524921417
pitch_rate: -0.05165475234389305
yaw_rate: -0.01775205321609974
voltage: 16.106000900268555
cell_voltage: 16.106000900268555

frame_id: "map"
connected: True
armed: True
mode: "OFFBOARD"
x: 0.014282305724918842
y: -0.028108682483434677
z: 0.2617441415786743
lat: nan
lon: nan
alt: nan
vx: 0.05510425195097923
vy: 0.02630256861448288
vz: 0.2516985833644867
roll: -0.011318194679915905
pitch: 0.0010644515277817845
yaw: -0.0012993070995435119
roll_rate: -0.013327991589903831
pitch_rate: 0.012302519753575325
yaw_rate: -0.0014253503177314997
voltage: 16.106000900268555
cell_voltage: 16.106000900268555

frame_id: "map"
connected: True
armed: True
mode: "OFFBOARD"
x: 0.033332012593746185
y: -0.03309045359492302
z: 0.5505051016807556
lat: nan
lon: nan
alt: nan
vx: -0.06258304417133331
vy: -0.028053689748048782
vz: 0.18639111518859863
roll: -0.020406734198331833
pitch: 0.009357601404190063
yaw: -0.0015249059069901705
roll_rate: -0.010686389170587063
pitch_rate: 0.018409287557005882
yaw_rate: 0.00038977694930508733
voltage: 16.052000045776367
cell_voltage: 16.052000045776367

frame_id: "map"
connected: True
armed: True
mode: "OFFBOARD"
x: -0.05499635264277458
y: -0.04770783707499504
z: 0.7584028244018555
lat: nan
lon: nan
alt: nan
vx: -0.012528005987405777
vy: 0.005859289783984423
vz: 0.08975917845964432
roll: -0.021916963160037994
pitch: 0.05090952292084694
yaw: -0.0012729130685329437
roll_rate: 0.005336240399628878
pitch_rate: 0.06785573810338974
yaw_rate: 0.002735549584031105
voltage: 16.052000045776367
cell_voltage: 16.052000045776367

frame_id: "map"
connected: True
armed: True
mode: "OFFBOARD"
x: 0.1018030047416687
y: -0.033259231597185135
z: 0.8601732850074768
lat: nan
lon: nan
alt: nan
vx: 0.37918078899383545
vy: 0.011354408226907253
vz: 0.04575514420866966
roll: -0.018773168325424194
pitch: 0.06618194282054901
yaw: -0.0008845822303555906
roll_rate: -0.008209595456719398
pitch_rate: -0.016299782320857048
yaw_rate: -0.00133029418066144
voltage: 15.981000900268555
cell_voltage: 15.981000900268555

frame_id: "map"
connected: True
armed: True
mode: "OFFBOARD"
x: 0.6703687310218811
y: -0.005515291355550289
z: 0.9042932987213135
lat: nan
lon: nan
alt: nan
vx: 0.5483124256134033
vy: 0.0376889668405056
vz: 0.03225497528910637
roll: -0.015013128519058228
pitch: 0.0033127227798104286
yaw: -0.00047830850235186517
roll_rate: 0.012437080033123493
pitch_rate: -0.06039714068174362
yaw_rate: 0.002021287800744176
voltage: 15.981000900268555
cell_voltage: 15.981000900268555

frame_id: "map"
connected: True
armed: True
mode: "OFFBOARD"
x: 1.0561167001724243
y: 0.039294809103012085
z: 0.9337573051452637
lat: nan
lon: nan
alt: nan
vx: 0.16929712891578674
vy: 0.0017546964809298515
vz: 0.02946559339761734
roll: -0.011453976854681969
pitch: -0.01269552856683731
yaw: -0.0005476498627103865
roll_rate: -0.007887122221291065
pitch_rate: 0.01649591699242592
yaw_rate: 0.003578182775527239
voltage: 15.908000946044922
cell_voltage: 15.908000946044922

frame_id: "map"
connected: True
armed: True
mode: "OFFBOARD"
x: 1.1431267261505127
y: 0.05390947684645653
z: 0.9540886282920837
lat: nan
lon: nan
alt: nan
vx: -0.06974238157272339
vy: -0.022571582347154617
vz: 0.022114869207143784
roll: -0.011222003027796745
pitch: 0.0018726064590737224
yaw: -0.000725175195839256
roll_rate: -0.006261326838284731
pitch_rate: 0.0350198931992054
yaw_rate: 0.0014358016196638346
voltage: 15.908000946044922
cell_voltage: 15.908000946044922

frame_id: "map"
connected: True
armed: True
mode: "OFFBOARD"
x: 1.0651860237121582
y: 0.016028638929128647
z: 0.9766077399253845
lat: nan
lon: nan
alt: nan
vx: -0.09626184403896332
vy: 0.04921586811542511
vz: 0.014237969182431698
roll: -0.05226755514740944
pitch: 0.01622609794139862
yaw: -0.0006835567764937878
roll_rate: -0.048653315752744675
pitch_rate: 0.01997325010597706
yaw_rate: 0.004130585119128227
voltage: 15.835000991821289
cell_voltage: 15.835000991821289

frame_id: "map"
connected: True
armed: True
mode: "OFFBOARD"
x: 0.943912148475647
y: 0.2493501603603363
z: 1.0007061958312988
lat: nan
lon: nan
alt: nan
vx: -0.022368298843503
vy: 0.3945576250553131
vz: -0.004348196089267731
roll: -0.06002742797136307
pitch: 0.030041569843888283
yaw: 0.00018044190073851496
roll_rate: 0.022568007931113243
pitch_rate: -0.005643934477120638
yaw_rate: 0.0001754908007569611
voltage: 15.835000991821289
cell_voltage: 15.835000991821289

frame_id: "map"
connected: True
armed: True
mode: "OFFBOARD"
x: 0.9671775102615356
y: 0.7805045247077942
z: 1.0104249715805054
lat: nan
lon: nan
alt: nan
vx: 0.04261280223727226
vy: 0.48414161801338196
vz: -0.015115887857973576
roll: -0.0008704238571226597
pitch: 0.019666383042931557
yaw: 8.744565275264904e-05
roll_rate: 0.07585162669420242
pitch_rate: -0.006153692025691271
yaw_rate: 0.002024670597165823
voltage: 15.761000633239746
cell_voltage: 15.761000633239746

frame_id: "map"
connected: True
armed: True
mode: "OFFBOARD"
x: 1.0133246183395386
y: 1.1403437852859497
z: 1.016290545463562
lat: nan
lon: nan
alt: nan
vx: 0.03145390748977661
vy: 0.11531274765729904
vz: -0.019632980227470398
roll: 0.01685606688261032
pitch: 0.01385355181992054
yaw: -0.00015726521087344736
roll_rate: -0.014110655523836613
pitch_rate: -0.004369944334030151
yaw_rate: 0.003441799199208617
voltage: 15.761000633239746
cell_voltage: 15.761000633239746

frame_id: "map"
connected: True
armed: True
mode: "OFFBOARD"
x: 1.0266422033309937
y: 1.1234444379806519
z: 1.0116568803787231
lat: nan
lon: nan
alt: nan
vx: 0.0055711232125759125
vy: -0.07135626673698425
vz: -0.015005500987172127
roll: -0.00949832983314991
pitch: 0.015177540481090546
yaw: -0.00017332227434962988
roll_rate: -0.021102365106344223
pitch_rate: -0.009214934892952442
yaw_rate: 0.0008693684358149767
voltage: 15.688000679016113
cell_voltage: 15.688000679016113

frame_id: "map"
connected: True
armed: True
mode: "OFFBOARD"
x: 0.9980368614196777
y: 1.00544273853302
z: 1.0148706436157227
lat: nan
lon: nan
alt: nan
vx: -0.14978334307670593
vy: -0.052105385810136795
vz: -0.014086093753576279
roll: -0.026928933337330818
pitch: -0.019097067415714264
yaw: -0.00024064292665570974
roll_rate: 0.027952129021286964
pitch_rate: -0.021566709503531456
yaw_rate: 0.0005229546222835779
voltage: 15.688000679016113
cell_voltage: 15.688000679016113

frame_id: "map"
connected: True
armed: True
mode: "OFFBOARD"
x: 0.7103669047355652
y: 1.0059267282485962
z: 1.0200153589248657
lat: nan
lon: nan
alt: nan
vx: -0.41270768642425537
vy: 0.02066601999104023
vz: -0.01919781230390072
roll: -0.01747618243098259
pitch: -0.019021673128008842
yaw: -0.0004687152395490557
roll_rate: 0.03304094821214676
pitch_rate: -0.04968252032995224
yaw_rate: -0.00011883612023666501
voltage: 15.61500072479248
cell_voltage: 15.61500072479248

frame_id: "map"
connected: True
armed: True
mode: "OFFBOARD"
x: 0.24438925087451935
y: 1.0275578498840332
z: 1.0201077461242676
lat: nan
lon: nan
alt: nan
vx: -0.4387996792793274
vy: -0.0005677511217072606
vz: -0.022791681811213493
roll: -0.013937096111476421
pitch: 0.03166820853948593
yaw: -0.0003452001546975225
roll_rate: -8.598901331424713e-05
pitch_rate: 0.03786309063434601
yaw_rate: 0.0019616566132754087
voltage: 15.61500072479248
cell_voltage: 15.61500072479248

frame_id: "map"
connected: True
armed: True
mode: "OFFBOARD"
x: -0.08622486889362335
y: 1.0283969640731812
z: 1.0192676782608032
lat: nan
lon: nan
alt: nan
vx: -0.12893545627593994
vy: -0.014419293031096458
vz: -0.018007971346378326
roll: -0.014753365889191628
pitch: 0.04779137298464775
yaw: -0.00014064273273106664
roll_rate: -0.009213446639478207
pitch_rate: 0.005768521223217249
yaw_rate: 0.0016916231252253056
voltage: 15.541000366210938
cell_voltage: 15.541000366210938

frame_id: "map"
connected: True
armed: True
mode: "OFFBOARD"
x: -0.08188676834106445
y: 1.024298071861267
z: 1.0117212533950806
lat: nan
lon: nan
alt: nan
vx: 0.061552371829748154
vy: -0.002218581037595868
vz: -0.01194389071315527
roll: -0.013949966989457607
pitch: 0.02307070791721344
yaw: -0.0001007768587442115
roll_rate: 0.005307505838572979
pitch_rate: -0.011195050552487373
yaw_rate: -0.0012211715802550316
voltage: 15.468000411987305
cell_voltage: 15.468000411987305

frame_id: "map"
connected: True
armed: True
mode: "OFFBOARD"
x: -0.03852076828479767
y: 0.9647656083106995
z: 1.0061513185501099
lat: nan
lon: nan
alt: nan
vx: 0.03509986400604248
vy: -0.194589301943779
vz: -0.006572643294930458
roll: 0.024901213124394417
pitch: 0.01875416561961174
yaw: -8.420072117587551e-05
roll_rate: 0.0070762839168310165
pitch_rate: 0.021823327988386154
yaw_rate: 0.0005592236411757767
voltage: 15.468000411987305
cell_voltage: 15.468000411987305

frame_id: "map"
connected: True
armed: True
mode: "OFFBOARD"
x: 0.03308899328112602
y: 0.5789786577224731
z: 0.9995477199554443
lat: nan
lon: nan
alt: nan
vx: 0.016374029219150543
vy: -0.4709067642688751
vz: -0.001612996798940003
roll: 0.009015251882374287
pitch: 0.00963800773024559
yaw: -0.0002472517953719944
roll_rate: -0.009149272926151752
pitch_rate: 0.0036685201339423656
yaw_rate: 0.001546949497424066
voltage: 15.395000457763672
cell_voltage: 15.395000457763672

frame_id: "map"
connected: True
armed: True
mode: "OFFBOARD"
x: -0.01320022065192461
y: 0.11325348168611526
z: 1.000387191772461
lat: nan
lon: nan
alt: nan
vx: -0.02253098413348198
vy: -0.327342689037323
vz: -0.0013517065672203898
roll: -0.03868253156542778
pitch: 0.02308960072696209
yaw: -0.00035924819530919194
roll_rate: -0.01864778809249401
pitch_rate: -6.940914317965508e-05
yaw_rate: 0.0005392684252001345
voltage: 15.395000457763672
cell_voltage: 15.395000457763672

frame_id: "map"
connected: True
armed: True
mode: "OFFBOARD"
x: -0.01746060699224472
y: -0.0926223173737526
z: 1.0087028741836548
lat: nan
lon: nan
alt: nan
vx: 0.01337420754134655
vy: -0.034261733293533325
vz: -0.006282968446612358
roll: -0.035028159618377686
pitch: 0.019829606637358665
yaw: 0.0001260403951164335
roll_rate: 0.023742537945508957
pitch_rate: -0.010070986114442348
yaw_rate: 4.175927460892126e-05
voltage: 15.321001052856445
cell_voltage: 15.321001052856445

frame_id: "map"
connected: True
armed: True
mode: "OFFBOARD"
x: 0.001440096995793283
y: -0.08368131518363953
z: 1.0153342485427856
lat: nan
lon: nan
alt: nan
vx: 0.003197433426976204
vy: 0.05006243661046028
vz: -0.052151307463645935
roll: -0.017277518287301064
pitch: 0.01805948279798031
yaw: 7.09735695636482e-06
roll_rate: 0.05431410297751427
pitch_rate: 0.0002488987520337105
yaw_rate: -0.0007790065137669444
voltage: 15.321001052856445
cell_voltage: 15.321001052856445

frame_id: "map"
connected: True
armed: True
mode: "AUTO.LAND"
x: 0.06097736209630966
y: -0.07713370025157928
z: 0.6550462245941162
lat: nan
lon: nan
alt: nan
vx: 0.019614044576883316
vy: 0.007092487998306751
vz: -0.20898713171482086
roll: -0.01838764175772667
pitch: 0.004830392077565193
yaw: -0.0004606928559951484
roll_rate: -0.02048201858997345
pitch_rate: -0.01740741729736328
yaw_rate: -0.0008541044662706554
voltage: 15.248001098632812
cell_voltage: 15.248001098632812

frame_id: "map"
connected: True
armed: True
mode: "AUTO.LAND"
x: 0.05356944352388382
y: -0.05361158028244972
z: 0.3548414409160614
lat: nan
lon: nan
alt: nan
vx: -0.05273885279893875
vy: 0.01585572026669979
vz: -0.30917131900787354
roll: -0.01005540881305933
pitch: 0.013951253145933151
yaw: -0.0010435556760057807
roll_rate: 0.023491445928812027
pitch_rate: 0.021113529801368713
yaw_rate: 5.017076910007745e-05
voltage: 15.248001098632812
cell_voltage: 15.248001098632812

frame_id: "map"
connected: True
armed: True
mode: "AUTO.LAND"
x: -0.015674524009227753
y: -0.06412191689014435
z: 0.04435032978653908
lat: nan
lon: nan
alt: nan
vx: -0.0473020076751709
vy: -0.019605809822678566
vz: -0.29816925525665283
roll: -0.015220067463815212
pitch: 0.025070998817682266
yaw: -0.0017927696462720633
roll_rate: -0.013426280580461025
pitch_rate: 0.026412442326545715
yaw_rate: 0.00045329000568017364
voltage: 15.17500114440918
cell_voltage: 15.17500114440918

frame_id: "map"
connected: True
armed: True
mode: "AUTO.LAND"
x: 8.698142051696777
y: -5.034614086151123
z: 0.15569588541984558
lat: nan
lon: nan
alt: nan
vx: -0.3039700984954834
vy: -0.2415028214454651
vz: 0.16050659120082855
roll: 0.007181098219007254
pitch: -0.2531073987483978
yaw: -0.16095347702503204
roll_rate: -0.25409844517707825
pitch_rate: -0.6183490753173828
yaw_rate: -1.0495028495788574
voltage: 15.17500114440918
cell_voltage: 15.17500114440918

